app/manifest-merger-release-report.txt
-- Merging decision tree log ---
manifest
ADDED from AndroidManifest.xml:2:1
	xmlns:android
		ADDED from AndroidManifest.xml:2:11
	package
		ADDED from AndroidManifest.xml:3:5
		INJECTED from AndroidManifest.xml:0:0
		INJECTED from AndroidManifest.xml:0:0
	android:versionName
		INJECTED from AndroidManifest.xml:0:0
		INJECTED from AndroidManifest.xml:0:0
	android:versionCode
		INJECTED from AndroidManifest.xml:0:0
		INJECTED from AndroidManifest.xml:0:0
uses-permission#android.permission.INTERNET
ADDED from AndroidManifest.xml:6:5
	android:name
		ADDED from AndroidManifest.xml:6:22
uses-permission#android.permission.ACCESS_NETWORK_STATE
ADDED from AndroidManifest.xml:7:5
	android:name
		ADDED from AndroidManifest.xml:7:22
uses-permission#android.permission.ACCESS_COARSE_LOCATION
ADDED from AndroidManifest.xml:8:5
	android:name
		ADDED from AndroidManifest.xml:8:22
uses-permission#android.permission.ACCESS_FINE_LOCATION
ADDED from AndroidManifest.xml:9:5
	android:name
		ADDED from AndroidManifest.xml:9:22
uses-permission#android.permission.CAMERA
ADDED from AndroidManifest.xml:10:5
	android:name
		ADDED from AndroidManifest.xml:10:22
uses-permission#android.permission.WRITE_EXTERNAL_STORAGE
ADDED from AndroidManifest.xml:11:5
	android:name
		ADDED from AndroidManifest.xml:11:22
uses-permission#android.permission.WAKE_LOCK
ADDED from AndroidManifest.xml:14:5
	android:name
		ADDED from AndroidManifest.xml:14:22
uses-permission#android.permission.RECEIVE_BOOT_COMPLETED
ADDED from AndroidManifest.xml:15:5
	android:name
		ADDED from AndroidManifest.xml:15:22
uses-permission#android.permission.VIBRATE
ADDED from AndroidManifest.xml:16:5
	android:name
		ADDED from AndroidManifest.xml:16:22
uses-permission#android.permission.GET_ACCOUNTS
ADDED from AndroidManifest.xml:17:5
	android:name
		ADDED from AndroidManifest.xml:17:22
uses-permission#com.google.android.c2dm.permission.RECEIVE
ADDED from AndroidManifest.xml:18:5
	android:name
		ADDED from AndroidManifest.xml:18:22
permission#com.teespire.leftoverswap.permission.C2D_MESSAGE
ADDED from AndroidManifest.xml:19:5
	android:protectionLevel
		ADDED from AndroidManifest.xml:19:17
	android:name
		ADDED from AndroidManifest.xml:20:9
uses-permission#com.teespire.leftoverswap.permission.C2D_MESSAGE
ADDED from AndroidManifest.xml:21:5
	android:name
		ADDED from AndroidManifest.xml:21:22
uses-feature#android.hardware.camera
ADDED from AndroidManifest.xml:23:5
	android:name
		ADDED from AndroidManifest.xml:23:19
uses-feature#0x00020000
ADDED from AndroidManifest.xml:24:5
	android:required
		ADDED from AndroidManifest.xml:26:9
	android:glEsVersion
		ADDED from AndroidManifest.xml:25:9
application
ADDED from AndroidManifest.xml:28:5
MERGED from com.android.support:appcompat-v7:21.0.3:16:5
MERGED from com.android.support:support-v4:21.0.3:16:5
MERGED from com.google.android.gms:play-services:6.5.87:20:5
MERGED from com.android.support:support-v4:21.0.3:16:5
MERGED from com.android.support:support-v4:21.0.3:16:5
	android:label
		ADDED from AndroidManifest.xml:32:9
	android:allowBackup
		ADDED from AndroidManifest.xml:30:9
	android:icon
		ADDED from AndroidManifest.xml:31:9
	android:theme
		ADDED from AndroidManifest.xml:33:9
	android:name
		ADDED from AndroidManifest.xml:29:9
meta-data#com.google.android.gms.version
ADDED from AndroidManifest.xml:34:9
MERGED from com.google.android.gms:play-services:6.5.87:21:9
	android:name
		ADDED from AndroidManifest.xml:35:13
	android:value
		ADDED from AndroidManifest.xml:36:13
activity#com.teespire.leftoverswap.Activities.LS_WelcomeActivity
ADDED from AndroidManifest.xml:38:9
	android:screenOrientation
		ADDED from AndroidManifest.xml:41:13
	android:label
		ADDED from AndroidManifest.xml:40:13
	android:name
		ADDED from AndroidManifest.xml:39:13
activity#com.teespire.leftoverswap.Activities.LS_SplashActivity
ADDED from AndroidManifest.xml:43:9
	android:screenOrientation
		ADDED from AndroidManifest.xml:46:13
	android:label
		ADDED from AndroidManifest.xml:45:13
	android:name
		ADDED from AndroidManifest.xml:44:13
intent-filter#android.intent.action.MAIN+android.intent.category.LAUNCHER
ADDED from AndroidManifest.xml:47:13
action#android.intent.action.MAIN
ADDED from AndroidManifest.xml:48:17
	android:name
		ADDED from AndroidManifest.xml:48:25
category#android.intent.category.LAUNCHER
ADDED from AndroidManifest.xml:49:17
	android:name
		ADDED from AndroidManifest.xml:49:27
activity#com.teespire.leftoverswap.Activities.LS_MainActivity
ADDED from AndroidManifest.xml:52:9
	android:screenOrientation
		ADDED from AndroidManifest.xml:55:13
	android:label
		ADDED from AndroidManifest.xml:54:13
	android:name
		ADDED from AndroidManifest.xml:53:13
activity#com.teespire.leftoverswap.Activities.LS_LoginActivity
ADDED from AndroidManifest.xml:57:9
	android:windowSoftInputMode
		ADDED from AndroidManifest.xml:61:13
	android:screenOrientation
		ADDED from AndroidManifest.xml:60:13
	android:label
		ADDED from AndroidManifest.xml:59:13
	android:name
		ADDED from AndroidManifest.xml:58:13
activity#com.teespire.leftoverswap.Activities.LS_SignupActivity
ADDED from AndroidManifest.xml:63:9
	android:windowSoftInputMode
		ADDED from AndroidManifest.xml:67:13
	android:screenOrientation
		ADDED from AndroidManifest.xml:66:13
	android:label
		ADDED from AndroidManifest.xml:65:13
	android:name
		ADDED from AndroidManifest.xml:64:13
activity#com.teespire.leftoverswap.Activities.LS_DispatchActivity
ADDED from AndroidManifest.xml:70:9
	android:label
		ADDED from AndroidManifest.xml:72:13
	android:name
		ADDED from AndroidManifest.xml:71:13
meta-data#com.google.android.maps.v2.API_KEY
ADDED from AndroidManifest.xml:75:9
	android:name
		ADDED from AndroidManifest.xml:76:13
	android:value
		ADDED from AndroidManifest.xml:77:13
activity#com.teespire.leftoverswap.Activities.LS_PostActivity
ADDED from AndroidManifest.xml:80:9
	android:windowSoftInputMode
		ADDED from AndroidManifest.xml:83:13
	android:screenOrientation
		ADDED from AndroidManifest.xml:84:13
	android:label
		ADDED from AndroidManifest.xml:82:13
	android:name
		ADDED from AndroidManifest.xml:81:13
activity#com.teespire.leftoverswap.Activities.LS_FeedBackActivity
ADDED from AndroidManifest.xml:87:9
	android:screenOrientation
		ADDED from AndroidManifest.xml:90:13
	android:label
		ADDED from AndroidManifest.xml:89:13
	android:name
		ADDED from AndroidManifest.xml:88:13
activity#com.teespire.leftoverswap.Activities.LS_PostInfoActivity
ADDED from AndroidManifest.xml:92:9
	android:screenOrientation
		ADDED from AndroidManifest.xml:95:13
	android:label
		ADDED from AndroidManifest.xml:94:13
	android:name
		ADDED from AndroidManifest.xml:93:13
activity#com.teespire.leftoverswap.Activities.LS_ChatActivity
ADDED from AndroidManifest.xml:97:9
	android:windowSoftInputMode
		ADDED from AndroidManifest.xml:101:13
	android:screenOrientation
		ADDED from AndroidManifest.xml:100:13
	android:label
		ADDED from AndroidManifest.xml:99:13
	android:name
		ADDED from AndroidManifest.xml:98:13
service#com.parse.PushService
ADDED from AndroidManifest.xml:104:9
	android:name
		ADDED from AndroidManifest.xml:104:18
receiver#com.parse.ParseBroadcastReceiver
ADDED from AndroidManifest.xml:105:9
	android:name
		ADDED from AndroidManifest.xml:105:19
intent-filter#android.intent.action.BOOT_COMPLETED+android.intent.action.USER_PRESENT
ADDED from AndroidManifest.xml:106:13
action#android.intent.action.BOOT_COMPLETED
ADDED from AndroidManifest.xml:107:17
	android:name
		ADDED from AndroidManifest.xml:107:25
action#android.intent.action.USER_PRESENT
ADDED from AndroidManifest.xml:108:17
	android:name
		ADDED from AndroidManifest.xml:108:25
receiver#com.parse.GcmBroadcastReceiver
ADDED from AndroidManifest.xml:111:9
	android:permission
		ADDED from AndroidManifest.xml:112:13
	android:name
		ADDED from AndroidManifest.xml:111:19
intent-filter#com.google.android.c2dm.intent.RECEIVE+com.google.android.c2dm.intent.REGISTRATION+com.teespire.leftoverswap
ADDED from AndroidManifest.xml:113:13
action#com.google.android.c2dm.intent.RECEIVE
ADDED from AndroidManifest.xml:114:17
	android:name
		ADDED from AndroidManifest.xml:114:25
action#com.google.android.c2dm.intent.REGISTRATION
ADDED from AndroidManifest.xml:115:17
	android:name
		ADDED from AndroidManifest.xml:115:25
category#com.teespire.leftoverswap
ADDED from AndroidManifest.xml:116:17
	android:name
		ADDED from AndroidManifest.xml:116:27
receiver#com.teespire.leftoverswap.ParsePushNotificationsReceiver
ADDED from AndroidManifest.xml:119:9
	android:exported
		ADDED from AndroidManifest.xml:119:65
	android:name
		ADDED from AndroidManifest.xml:119:19
intent-filter#com.parse.push.intent.DELETE+com.parse.push.intent.OPEN+com.parse.push.intent.RECEIVE
ADDED from AndroidManifest.xml:120:13
action#com.parse.push.intent.RECEIVE
ADDED from AndroidManifest.xml:121:17
	android:name
		ADDED from AndroidManifest.xml:121:25
action#com.parse.push.intent.DELETE
ADDED from AndroidManifest.xml:122:17
	android:name
		ADDED from AndroidManifest.xml:122:25
action#com.parse.push.intent.OPEN
ADDED from AndroidManifest.xml:123:17
	android:name
		ADDED from AndroidManifest.xml:123:25
meta-data#com.parse.push.notification_icon
ADDED from AndroidManifest.xml:126:9
	android:resource
		ADDED from AndroidManifest.xml:126:68
	android:name
		ADDED from AndroidManifest.xml:126:20
uses-sdk
INJECTED from AndroidManifest.xml:0:0 reason: use-sdk injection requested
MERGED from com.android.support:appcompat-v7:21.0.3:15:5
MERGED from com.android.support:support-v4:21.0.3:15:5
MERGED from com.google.android.gms:play-services:6.5.87:18:5
MERGED from com.android.support:support-v4:21.0.3:15:5
MERGED from com.android.support:support-v4:21.0.3:15:5
	android:targetSdkVersion
		INJECTED from AndroidManifest.xml:0:0
		INJECTED from AndroidManifest.xml:0:0
	android:minSdkVersion
		INJECTED from AndroidManifest.xml:0:0
		INJECTED from AndroidManifest.xml:0:0